<?xml version="1.0" encoding="UTF-8" ?>
<testsuite failures="0" time="7.298" errors="0" skipped="0" tests="4" name="es.dgoj.rgiaj.ws.JuegoRGIAJTest">
  <properties>
[...]
</properties>
  <testcase time="3.119" classname="es.dgoj.rgiaj.ws.JuegoRGIAJTest" name="testGetListaProhibidosCompleta"/>
  <testcase time="3.686" classname="es.dgoj.rgiaj.ws.JuegoRGIAJTest" name="testGetListaProhibidosCompletaComunidadNoValida"/>
  <testcase time="0.189" classname="es.dgoj.rgiaj.ws.JuegoRGIAJTest" name="testGetListaProhibidosIncrementalSinNumeroRegistroComunidadValida"/>
  <testcase time="0.233" classname="es.dgoj.rgiaj.ws.JuegoRGIAJTest" name="testGetListaProhibidosIncrementalConNumeroRegistroComunidadValida"/>
</testsuite>